{"$message_type":"diagnostic","message":"no function or associated item named `now` found for struct `Utc` in the current scope","code":{"code":"E0599","explanation":"This error occurs when a method is used on a type which doesn't implement it:\n\nErroneous code example:\n\n```compile_fail,E0599\nstruct Mouth;\n\nlet x = Mouth;\nx.chocolate(); // error: no method named `chocolate` found for type `Mouth`\n               //        in the current scope\n```\n\nIn this case, you need to implement the `chocolate` method to fix the error:\n\n```\nstruct Mouth;\n\nimpl Mouth {\n    fn chocolate(&self) { // We implement the `chocolate` method here.\n        println!(\"Hmmm! I love chocolate!\");\n    }\n}\n\nlet x = Mouth;\nx.chocolate(); // ok!\n```\n"},"level":"error","spans":[{"file_name":"src\\main.rs","byte_start":1589,"byte_end":1592,"line_start":61,"line_end":61,"column_start":28,"column_end":31,"is_primary":true,"text":[{"text":"    let now = chrono::Utc::now().timestamp();","highlight_start":28,"highlight_end":31}],"label":"function or associated item not found in `Utc`","suggested_replacement":null,"suggestion_applicability":null,"expansion":null}],"children":[],"rendered":"\u001b[1m\u001b[91merror[E0599]\u001b[0m\u001b[1m\u001b[97m: no function or associated item named `now` found for struct `Utc` in the current scope\u001b[0m\n  \u001b[1m\u001b[96m--> \u001b[0msrc\\main.rs:61:28\n   \u001b[1m\u001b[96m|\u001b[0m\n\u001b[1m\u001b[96m61\u001b[0m \u001b[1m\u001b[96m|\u001b[0m     let now = chrono::Utc::now().timestamp();\n   \u001b[1m\u001b[96m|\u001b[0m                            \u001b[1m\u001b[91m^^^\u001b[0m \u001b[1m\u001b[91mfunction or associated item not found in `Utc`\u001b[0m\n\n"}
{"$message_type":"diagnostic","message":"no method named `ok` found for opaque type `impl Future<Output = Result<_, reqwest::Error>>` in the current scope","code":{"code":"E0599","explanation":"This error occurs when a method is used on a type which doesn't implement it:\n\nErroneous code example:\n\n```compile_fail,E0599\nstruct Mouth;\n\nlet x = Mouth;\nx.chocolate(); // error: no method named `chocolate` found for type `Mouth`\n               //        in the current scope\n```\n\nIn this case, you need to implement the `chocolate` method to fix the error:\n\n```\nstruct Mouth;\n\nimpl Mouth {\n    fn chocolate(&self) { // We implement the `chocolate` method here.\n        println!(\"Hmmm! I love chocolate!\");\n    }\n}\n\nlet x = Mouth;\nx.chocolate(); // ok!\n```\n"},"level":"error","spans":[{"file_name":"src\\main.rs","byte_start":3300,"byte_end":3302,"line_start":106,"line_end":106,"column_start":64,"column_end":66,"is_primary":true,"text":[{"text":"    let up_book: OrderBook = up_res.ok().and_then(|r| r.json().ok().flatten()).unwrap_or(OrderBook { bids: vec![], asks: vec![] });","highlight_start":64,"highlight_end":66}],"label":null,"suggested_replacement":null,"suggestion_applicability":null,"expansion":null}],"children":[{"message":"there is a method `or` with a similar name, but with different arguments","code":null,"level":"help","spans":[{"file_name":"C:\\Users\\Mads\\.cargo\\registry\\src\\index.crates.io-1949cf8c6b5b557f\\tower-http-0.6.8\\src\\follow_redirect\\policy\\mod.rs","byte_start":4785,"byte_end":4901,"line_start":165,"line_end":168,"column_start":5,"column_end":25,"is_primary":true,"text":[{"text":"    fn or<P, B, E>(self, other: P) -> Or<Self, P>","highlight_start":5,"highlight_end":1},{"text":"    where","highlight_start":1,"highlight_end":1},{"text":"        Self: Policy<B, E> + Sized,","highlight_start":1,"highlight_end":1},{"text":"        P: Policy<B, E>;","highlight_start":1,"highlight_end":25}],"label":null,"suggested_replacement":null,"suggestion_applicability":null,"expansion":null}],"children":[],"rendered":null},{"message":"consider `await`ing on the `Future` and calling the method on its `Output`","code":null,"level":"help","spans":[{"file_name":"src\\main.rs","byte_start":3300,"byte_end":3300,"line_start":106,"line_end":106,"column_start":64,"column_end":64,"is_primary":true,"text":[{"text":"    let up_book: OrderBook = up_res.ok().and_then(|r| r.json().ok().flatten()).unwrap_or(OrderBook { bids: vec![], asks: vec![] });","highlight_start":64,"highlight_end":64}],"label":null,"suggested_replacement":"await.","suggestion_applicability":"MaybeIncorrect","expansion":null}],"children":[],"rendered":null}],"rendered":"\u001b[1m\u001b[91merror[E0599]\u001b[0m\u001b[1m\u001b[97m: no method named `ok` found for opaque type `impl Future<Output = Result<_, reqwest::Error>>` in the current scope\u001b[0m\n   \u001b[1m\u001b[96m--> \u001b[0msrc\\main.rs:106:64\n    \u001b[1m\u001b[96m|\u001b[0m\n\u001b[1m\u001b[96m106\u001b[0m \u001b[1m\u001b[96m|\u001b[0m     let up_book: OrderBook = up_res.ok().and_then(|r| r.json().ok().flatten()).unwrap_or(OrderBook { bids: vec![], asks: vec![] });\n    \u001b[1m\u001b[96m|\u001b[0m                                                                \u001b[1m\u001b[91m^^\u001b[0m\n    \u001b[1m\u001b[96m|\u001b[0m\n\u001b[1m\u001b[96mhelp\u001b[0m: there is a method `or` with a similar name, but with different arguments\n   \u001b[1m\u001b[96m--> \u001b[0mC:\\Users\\Mads\\.cargo\\registry\\src\\index.crates.io-1949cf8c6b5b557f\\tower-http-0.6.8\\src\\follow_redirect\\policy\\mod.rs:165:5\n    \u001b[1m\u001b[96m|\u001b[0m\n\u001b[1m\u001b[96m165\u001b[0m \u001b[1m\u001b[96m|\u001b[0m \u001b[1m\u001b[96m/\u001b[0m     fn or<P, B, E>(self, other: P) -> Or<Self, P>\n\u001b[1m\u001b[96m166\u001b[0m \u001b[1m\u001b[96m|\u001b[0m \u001b[1m\u001b[96m|\u001b[0m     where\n\u001b[1m\u001b[96m167\u001b[0m \u001b[1m\u001b[96m|\u001b[0m \u001b[1m\u001b[96m|\u001b[0m         Self: Policy<B, E> + Sized,\n\u001b[1m\u001b[96m168\u001b[0m \u001b[1m\u001b[96m|\u001b[0m \u001b[1m\u001b[96m|\u001b[0m         P: Policy<B, E>;\n    \u001b[1m\u001b[96m|\u001b[0m \u001b[1m\u001b[96m|________________________^\u001b[0m\n\u001b[1m\u001b[96mhelp\u001b[0m: consider `await`ing on the `Future` and calling the method on its `Output`\n    \u001b[1m\u001b[96m|\u001b[0m\n\u001b[1m\u001b[96m106\u001b[0m \u001b[1m\u001b[96m| \u001b[0m    let up_book: OrderBook = up_res.ok().and_then(|r| r.json().\u001b[92mawait.\u001b[0mok().flatten()).unwrap_or(OrderBook { bids: vec![], asks: vec![] });\n    \u001b[1m\u001b[96m|\u001b[0m                                                                \u001b[92m++++++\u001b[0m\n\n"}
{"$message_type":"diagnostic","message":"no method named `ok` found for opaque type `impl Future<Output = Result<_, reqwest::Error>>` in the current scope","code":{"code":"E0599","explanation":"This error occurs when a method is used on a type which doesn't implement it:\n\nErroneous code example:\n\n```compile_fail,E0599\nstruct Mouth;\n\nlet x = Mouth;\nx.chocolate(); // error: no method named `chocolate` found for type `Mouth`\n               //        in the current scope\n```\n\nIn this case, you need to implement the `chocolate` method to fix the error:\n\n```\nstruct Mouth;\n\nimpl Mouth {\n    fn chocolate(&self) { // We implement the `chocolate` method here.\n        println!(\"Hmmm! I love chocolate!\");\n    }\n}\n\nlet x = Mouth;\nx.chocolate(); // ok!\n```\n"},"level":"error","spans":[{"file_name":"src\\main.rs","byte_start":3437,"byte_end":3439,"line_start":107,"line_end":107,"column_start":68,"column_end":70,"is_primary":true,"text":[{"text":"    let down_book: OrderBook = down_res.ok().and_then(|r| r.json().ok().flatten()).unwrap_or(OrderBook { bids: vec![], asks: vec![] });","highlight_start":68,"highlight_end":70}],"label":null,"suggested_replacement":null,"suggestion_applicability":null,"expansion":null}],"children":[{"message":"there is a method `or` with a similar name, but with different arguments","code":null,"level":"help","spans":[{"file_name":"C:\\Users\\Mads\\.cargo\\registry\\src\\index.crates.io-1949cf8c6b5b557f\\tower-http-0.6.8\\src\\follow_redirect\\policy\\mod.rs","byte_start":4785,"byte_end":4901,"line_start":165,"line_end":168,"column_start":5,"column_end":25,"is_primary":true,"text":[{"text":"    fn or<P, B, E>(self, other: P) -> Or<Self, P>","highlight_start":5,"highlight_end":50},{"text":"    where","highlight_start":1,"highlight_end":10},{"text":"        Self: Policy<B, E> + Sized,","highlight_start":1,"highlight_end":36},{"text":"        P: Policy<B, E>;","highlight_start":1,"highlight_end":25}],"label":null,"suggested_replacement":null,"suggestion_applicability":null,"expansion":null}],"children":[],"rendered":null},{"message":"consider `await`ing on the `Future` and calling the method on its `Output`","code":null,"level":"help","spans":[{"file_name":"src\\main.rs","byte_start":3437,"byte_end":3437,"line_start":107,"line_end":107,"column_start":68,"column_end":68,"is_primary":true,"text":[{"text":"    let down_book: OrderBook = down_res.ok().and_then(|r| r.json().ok().flatten()).unwrap_or(OrderBook { bids: vec![], asks: vec![] });","highlight_start":68,"highlight_end":68}],"label":null,"suggested_replacement":"await.","suggestion_applicability":"MaybeIncorrect","expansion":null}],"children":[],"rendered":null}],"rendered":"\u001b[1m\u001b[91merror[E0599]\u001b[0m\u001b[1m\u001b[97m: no method named `ok` found for opaque type `impl Future<Output = Result<_, reqwest::Error>>` in the current scope\u001b[0m\n   \u001b[1m\u001b[96m--> \u001b[0msrc\\main.rs:107:68\n    \u001b[1m\u001b[96m|\u001b[0m\n\u001b[1m\u001b[96m107\u001b[0m \u001b[1m\u001b[96m|\u001b[0m     let down_book: OrderBook = down_res.ok().and_then(|r| r.json().ok().flatten()).unwrap_or(OrderBook { bids: vec![], asks: vec![] });\n    \u001b[1m\u001b[96m|\u001b[0m                                                                    \u001b[1m\u001b[91m^^\u001b[0m\n    \u001b[1m\u001b[96m|\u001b[0m\n\u001b[1m\u001b[96mhelp\u001b[0m: there is a method `or` with a similar name, but with different arguments\n   \u001b[1m\u001b[96m--> \u001b[0mC:\\Users\\Mads\\.cargo\\registry\\src\\index.crates.io-1949cf8c6b5b557f\\tower-http-0.6.8\\src\\follow_redirect\\policy\\mod.rs:165:5\n    \u001b[1m\u001b[96m|\u001b[0m\n\u001b[1m\u001b[96m165\u001b[0m \u001b[1m\u001b[96m|\u001b[0m \u001b[1m\u001b[96m/\u001b[0m     fn or<P, B, E>(self, other: P) -> Or<Self, P>\n\u001b[1m\u001b[96m166\u001b[0m \u001b[1m\u001b[96m|\u001b[0m \u001b[1m\u001b[96m|\u001b[0m     where\n\u001b[1m\u001b[96m167\u001b[0m \u001b[1m\u001b[96m|\u001b[0m \u001b[1m\u001b[96m|\u001b[0m         Self: Policy<B, E> + Sized,\n\u001b[1m\u001b[96m168\u001b[0m \u001b[1m\u001b[96m|\u001b[0m \u001b[1m\u001b[96m|\u001b[0m         P: Policy<B, E>;\n    \u001b[1m\u001b[96m|\u001b[0m \u001b[1m\u001b[96m|________________________^\u001b[0m\n\u001b[1m\u001b[96mhelp\u001b[0m: consider `await`ing on the `Future` and calling the method on its `Output`\n    \u001b[1m\u001b[96m|\u001b[0m\n\u001b[1m\u001b[96m107\u001b[0m \u001b[1m\u001b[96m| \u001b[0m    let down_book: OrderBook = down_res.ok().and_then(|r| r.json().\u001b[92mawait.\u001b[0mok().flatten()).unwrap_or(OrderBook { bids: vec![], asks: vec![] });\n    \u001b[1m\u001b[96m|\u001b[0m                                                                    \u001b[92m++++++\u001b[0m\n\n"}
{"$message_type":"diagnostic","message":"aborting due to 3 previous errors","code":null,"level":"error","spans":[],"children":[],"rendered":"\u001b[1m\u001b[91merror\u001b[0m\u001b[1m\u001b[97m: aborting due to 3 previous errors\u001b[0m\n\n"}
{"$message_type":"diagnostic","message":"For more information about this error, try `rustc --explain E0599`.","code":null,"level":"failure-note","spans":[],"children":[],"rendered":"\u001b[1m\u001b[97mFor more information about this error, try `rustc --explain E0599`.\u001b[0m\n"}
